2020-11-05 13:14:33,648 INFO main control - pipeline log is pipeline.log
2020-11-05 13:14:33,649 INFO main experiment - output generated by /gfs/devel/nilott/cgat-24102019/conda-install/envs/cgat-flow/bin/sphinx-build -M html source build \
                                              job started at Thu Nov  5 13:14:33 2020 on kgen1 -- 17402bf8-9216-4cf6-b902-64de71c8d06e \
                                              pid: 25668, system: Linux 2.6.32-573.el6.x86_64 #1 SMP Thu Jul 23 15:44:03 UTC 2015 x86_64
2020-11-05 13:14:33,649 INFO main experiment - ?                                       : None \
                                              always_mount                            : False \
                                              cluster_memory_default                  : unlimited \
                                              cluster_memory_resource                 : None \
                                              cluster_num_jobs                        : None \
                                              cluster_options                         : None \
                                              cluster_parallel_environment            : None \
                                              cluster_priority                        : None \
                                              cluster_queue                           : None \
                                              cluster_queue_manager                   : sge \
                                              config_file                             : pipeline.yml \
                                              debug                                   : False \
                                              dry_run                                 : False \
                                              engine                                  : local \
                                              exceptions_terminate_immediately        : None \
                                              force_run                               : False \
                                              input_globs                             : [] \
                                              input_validation                        : False \
                                              is_test                                 : False \
                                              log_config_filename                     : None \
                                              log_exceptions                          : True \
                                              loglevel                                : 1 \
                                              multiprocess                            : None \
                                              only_info                               : False \
                                              pipeline_action                         : None \
                                              pipeline_format                         : svg \
                                              pipeline_logfile                        : pipeline.log \
                                              pipeline_targets                        : [] \
                                              random_seed                             : None \
                                              ruffus_checksums_level                  : 0 \
                                              shell_logfile                           : None \
                                              stderr                                  : <_io.TextIOWrapper name='<stderr>' mode='w' encoding='UTF-8'> \
                                              stdin                                   : <_io.TextIOWrapper name='<stdin>' mode='r' encoding='UTF-8'> \
                                              stdlog                                  : <_io.TextIOWrapper name='<stdout>' mode='w' encoding='UTF-8'> \
                                              stdout                                  : <_io.TextIOWrapper name='<stdout>' mode='w' encoding='UTF-8'> \
                                              terminate                               : False \
                                              timeit_file                             : None \
                                              timeit_header                           : None \
                                              timeit_name                             : all \
                                              tracing                                 : None \
                                              variables_to_set                        : [] \
                                              without_cluster                         : False \
                                              work_dir                                : None
2020-11-05 13:14:33,655 INFO main parameters - reading config from file /etc/cgat/pipeline.yml
2020-11-05 13:14:33,659 INFO main parameters - reading config from file /gfs/devel/nilott/OCMS_16S/ocms16S/pipeline_dada2/pipeline.yml
2020-11-05 13:14:33,669 INFO main control - started in directory: /gfs/devel/nilott/OCMS_16S/docs
2020-11-05 13:14:33,735 INFO main control - code location: /gfs/devel/nilott/OCMS_16S/ocms16S
2020-11-05 13:14:33,735 INFO main control - code version: e6d3870de162024e876d093d8e40c9bca70aa623
2020-11-05 13:14:33,735 INFO main control - working directory is: /gfs/devel/nilott/OCMS_16S/docs
2020-11-05 13:14:33,736 INFO main control - changing directory to /gfs/devel/nilott/OCMS_16S/docs
2020-11-05 13:14:33,736 INFO main control - pipeline has been initialized
